The target system is: Generic - 2.4.99 - arm
The host system is: Darwin - 19.6.0 - x86_64
Compiling the C compiler identification source file "CMakeCCompilerId.c" succeeded.
Compiler: /opt/nordic/ncs/v1.5.1/toolchain/bin/arm-none-eabi-gcc 
Build flags: 
Id flags: -c 

The output was:
0


Compilation of the C compiler identification source "CMakeCCompilerId.c" produced "CMakeCCompilerId.o"

The C compiler identification is GNU, found in "/Users/naveen/Hackster.io/AdvancedWearables/nrf5340_dk_ble_central_acc/build/CMakeFiles/3.19.1/CompilerIdC/CMakeCCompilerId.o"

Compiling the CXX compiler identification source file "CMakeCXXCompilerId.cpp" succeeded.
Compiler: /opt/nordic/ncs/v1.5.1/toolchain/bin/arm-none-eabi-g++ 
Build flags: 
Id flags: -c 

The output was:
0


Compilation of the CXX compiler identification source "CMakeCXXCompilerId.cpp" produced "CMakeCXXCompilerId.o"

The CXX compiler identification is GNU, found in "/Users/naveen/Hackster.io/AdvancedWearables/nrf5340_dk_ble_central_acc/build/CMakeFiles/3.19.1/CompilerIdCXX/CMakeCXXCompilerId.o"

Checking whether the ASM compiler is GNU using "--version" matched "(GNU assembler)|(GCC)|(Free Software Foundation)":
arm-none-eabi-gcc (GNU Tools for Arm Embedded Processors 9-2019-q4-major) 9.2.1 20191025 (release) [ARM/arm-9-branch revision 277599]
Copyright (C) 2019 Free Software Foundation, Inc.
This is free software; see the source for copying conditions.  There is NO
warranty; not even for MERCHANTABILITY or FITNESS FOR A PARTICULAR PURPOSE.

Determining if files stdatomic.h exist passed with the following output:
Change Dir: /Users/naveen/Hackster.io/AdvancedWearables/nrf5340_dk_ble_central_acc/build/CMakeFiles/CMakeTmp

Run Build Command(s):/opt/nordic/ncs/v1.5.1/toolchain/bin/ninja cmTC_51a62 && [1/2] Building C object CMakeFiles/cmTC_51a62.dir/HAVE_STDATOMIC_H.c.obj
[2/2] Linking C executable cmTC_51a62
arm-none-eabi-gcc: warning: CMakeFiles/cmTC_51a62.dir/HAVE_STDATOMIC_H.c.obj: linker input file unused because linking not done



Determining if files fcntl.h exist passed with the following output:
Change Dir: /Users/naveen/Hackster.io/AdvancedWearables/nrf5340_dk_ble_central_acc/build/CMakeFiles/CMakeTmp

Run Build Command(s):/opt/nordic/ncs/v1.5.1/toolchain/bin/ninja cmTC_7508a && [1/2] Building C object CMakeFiles/cmTC_7508a.dir/HAVE_FCNTL_H.c.obj
[2/2] Linking C executable cmTC_7508a
arm-none-eabi-gcc: warning: CMakeFiles/cmTC_7508a.dir/HAVE_FCNTL_H.c.obj: linker input file unused because linking not done



